%!Adobe-FontList 1.19
%Locale:0x409

%BeginFont
Handler:DirectoryHandler
FontType:TrueType
FontName:Exo2-SemiBold
FamilyName:Exo 2
StyleName:Semi Bold
FullName:Exo 2 Semi Bold
MenuName:Exo 2 Semi Bold
StyleBits:2
WritingScript:Roman
OutlineFileName:\\storage\homes\H9175\Dox\Desktop\2018-12-12_refil_sovellusesittely\Document fonts\Exo2-SemiBold.ttf
DataFormat:sfntData
hasSVG:no
VariableFontType:NonVariableFont
FileLength:108868
FileModTime:1539321224
WeightClass:600
WidthClass:5
AngleClass:0
NameArray:0,Mac,4,Exo 2 Semi Bold
NameArray:0,Win,1,Exo 2 Semi Bold
NameArray:0,Win,16,Exo 2
%EndFont

%BeginFont
Handler:DirectoryHandler
FontType:Type1
FontName:MinionPro-Regular
FamilyName:Minion Pro
StyleName:Regular
FullName:Minion Pro
MenuName:Minion Pro
StyleBits:0
WritingScript:Roman
OutlineFileName:\\storage\homes\H9175\Dox\Desktop\2018-12-12_refil_sovellusesittely\Document fonts\MinionPro-Regular.otf
DataFormat:sfntData
UsesStandardEncoding:yes
isCFF:yes
hasSVG:no
VariableFontType:NonVariableFont
FileLength:217280
FileModTime:1329296026
WeightClass:400
WidthClass:5
AngleClass:0
DesignSize:110
NameArray:0,Mac,4,Minion Pro
NameArray:0,Win,1,Minion Pro
%EndFont

